#
# There is insufficient memory for the Java Runtime Environment to continue.
# Native memory allocation (mmap) failed to map 4194304 bytes for G1 virtual space
# Possible reasons:
#   The system is out of physical RAM or swap space
#   The process is running with CompressedOops enabled, and the Java Heap may be blocking the growth of the native heap
# Possible solutions:
#   Reduce memory load on the system
#   Increase physical memory or swap space
#   Check if swap backing store is full
#   Decrease Java heap size (-Xmx/-Xms)
#   Decrease number of Java threads
#   Decrease Java thread stack sizes (-Xss)
#   Set larger code cache with -XX:ReservedCodeCacheSize=
#   JVM is running with Zero Based Compressed Oops mode in which the Java heap is
#     placed in the first 32GB address space. The Java Heap base address is the
#     maximum limit for the native heap growth. Please use -XX:HeapBaseMinAddress
#     to set the Java Heap base and to place the Java Heap above 32GB virtual address.
# This output file may be truncated or incomplete.
#
#  Out of Memory Error (./open/src/hotspot/os/windows/os_windows.cpp:3321), pid=8216, tid=11488
#
# JRE version:  (15.0.2+7) (build )
# Java VM: OpenJDK 64-Bit Server VM (15.0.2+7-27, mixed mode, sharing, tiered, compressed oops, g1 gc, windows-amd64)
# No core dump will be written. Minidumps are not enabled by default on client versions of Windows
#

---------------  S U M M A R Y ------------

Command Line: -Dfile.encoding=MS949 -XX:+ShowCodeDetailsInExceptionMessages _charString._charString6

Host: Intel(R) Core(TM) i5-3470 CPU @ 3.20GHz, 4 cores, 15G,  Windows 10 , 64 bit Build 19041 (10.0.19041.928)
Time: Wed May 26 16:48:20 2021 대한민국 표준시 elapsed time: 0.035173 seconds (0d 0h 0m 0s)

---------------  T H R E A D  ---------------

Current thread (0x000001647a15b870):  JavaThread "Unknown thread" [_thread_in_vm, id=11488, stack(0x00000014d3d00000,0x00000014d3e00000)]

Stack: [0x00000014d3d00000,0x00000014d3e00000]
Native frames: (J=compiled Java code, j=interpreted, Vv=VM code, C=native code)
V  [jvm.dll+0x62ae9a]
V  [jvm.dll+0x7817a9]
V  [jvm.dll+0x782f03]
V  [jvm.dll+0x783563]
V  [jvm.dll+0x216325]
V  [jvm.dll+0x6281d9]
V  [jvm.dll+0x61cf55]
V  [jvm.dll+0x2cffdd]
V  [jvm.dll+0x2cfe42]
V  [jvm.dll+0x2d5e1c]
V  [jvm.dll+0x32591d]
V  [jvm.dll+0x324fd4]
V  [jvm.dll+0x2a6f5a]
V  [jvm.dll+0x2a80f8]
V  [jvm.dll+0x75e241]
V  [jvm.dll+0x3341c4]
V  [jvm.dll+0x73e926]
V  [jvm.dll+0x3b7557]
V  [jvm.dll+0x3b8fe1]
C  [jli.dll+0x52fb]
C  [ucrtbase.dll+0x21bb2]
C  [KERNEL32.DLL+0x17034]
C  [ntdll.dll+0x52651]


---------------  P R O C E S S  ---------------

Threads class SMR info:
_java_thread_list=0x00007fff90c34ff0, length=0, elements={
}

Java Threads: ( => current thread )

Other Threads:
  0x000001647a1ada20 GCTaskThread "GC Thread#0" [stack: 0x00000014d3f00000,0x00000014d4000000] [id=15780]
  0x000001647a1bfb50 ConcurrentGCThread "G1 Main Marker" [stack: 0x00000014d4000000,0x00000014d4100000] [id=14028]
  0x000001647a1c10a0 ConcurrentGCThread "G1 Conc#0" [stack: 0x00000014d4100000,0x00000014d4200000] [id=16208]

[error occurred during error reporting (printing all threads), id 0xc0000005, EXCEPTION_ACCESS_VIOLATION (0xc0000005) at pc=0x00007fff90427e27]

VM state: not at safepoint (not fully initialized)

VM Mutex/Monitor currently owned by a thread:  ([mutex/lock_event])
[0x000001647a1570f0] Heap_lock - owner thread: 0x000001647a15b870

Heap address: 0x0000000701a00000, size: 4070 MB, Compressed Oops mode: Zero based, Oop shift amount: 3
CDS archive(s) mapped at: [0x0000000000000000-0x0000000000000000-0x0000000000000000), size 0, SharedBaseAddress: 0x0000000800000000, ArchiveRelocationMode: 0.
Narrow klass base: 0x0000000000000000, Narrow klass shift: 0, Narrow klass range: 0x0

Heap:
 garbage-first heap   total 262144K, used 0K [0x0000000701a00000, 0x0000000800000000)
  region size 2048K, 0 young (0K), 0 survivors (0K)
 Metaspace       used 0K, capacity 0K, committed 0K, reserved 0K
  class space    used 0K, capacity 0K, committed 0K, reserved 0K

Heap Regions: E=young(eden), S=young(survivor), O=old, HS=humongous(starts), HC=humongous(continues), CS=collection set, F=free, OA=open archive, CA=closed archive, TAMS=top-at-mark-start (previous, next)

Card table byte_map: [0x000001647e380000,0x000001647eb80000] _byte_map_base: 0x000001647ab73000

Marking Bits (Prev, Next): (CMBitMap*) 0x000001647a1af2a0, (CMBitMap*) 0x000001647a1af2e0
 Prev Bits: [0x000001640f000000, 0x0000016412f98000)
 Next Bits: [0x0000016412fa0000, 0x0000016416f38000)

GC Heap History (0 events):
No events

Deoptimization events (0 events):
No events

Classes unloaded (0 events):
No events

Classes redefined (0 events):
No events

Internal exceptions (0 events):
No events

Events (1 events):
Event: 0.008 Loaded shared library C:\Users\JH\.p2\pool\plugins\org.eclipse.justj.openjdk.hotspot.jre.full.win32.x86_64_15.0.2.v20210201-0955\jre\bin\java.dll


Dynamic libraries:
0x00007ff75b550000 - 0x00007ff75b55d000 	C:\Users\JH\.p2\pool\plugins\org.eclipse.justj.openjdk.hotspot.jre.full.win32.x86_64_15.0.2.v20210201-0955\jre\bin\javaw.exe
0x00007fffb9090000 - 0x00007fffb9285000 	C:\Windows\SYSTEM32\ntdll.dll
0x00007fffb70f0000 - 0x00007fffb71ad000 	C:\Windows\System32\KERNEL32.DLL
0x00007fffb6960000 - 0x00007fffb6c28000 	C:\Windows\System32\KERNELBASE.dll
0x00007fffb6c30000 - 0x00007fffb6d30000 	C:\Windows\System32\ucrtbase.dll
0x00007fffa9820000 - 0x00007fffa9838000 	C:\Users\JH\.p2\pool\plugins\org.eclipse.justj.openjdk.hotspot.jre.full.win32.x86_64_15.0.2.v20210201-0955\jre\bin\jli.dll
0x00007fffb7230000 - 0x00007fffb73d0000 	C:\Windows\System32\USER32.dll
0x00007fffb67d0000 - 0x00007fffb67f2000 	C:\Windows\System32\win32u.dll
0x00007fffb7a30000 - 0x00007fffb7a5a000 	C:\Windows\System32\GDI32.dll
0x00007fffb6f30000 - 0x00007fffb703b000 	C:\Windows\System32\gdi32full.dll
0x00007fffb6de0000 - 0x00007fffb6e7d000 	C:\Windows\System32\msvcp_win.dll
0x00007fffa9800000 - 0x00007fffa9819000 	C:\Users\JH\.p2\pool\plugins\org.eclipse.justj.openjdk.hotspot.jre.full.win32.x86_64_15.0.2.v20210201-0955\jre\bin\VCRUNTIME140.dll
0x00007fffab150000 - 0x00007fffab3ea000 	C:\Windows\WinSxS\amd64_microsoft.windows.common-controls_6595b64144ccf1df_6.0.19041.844_none_ca00b6081b84eb1d\COMCTL32.dll
0x00007fffb73d0000 - 0x00007fffb746e000 	C:\Windows\System32\msvcrt.dll
0x00007fffb87b0000 - 0x00007fffb87e0000 	C:\Windows\System32\IMM32.DLL
0x00007fffb03e0000 - 0x00007fffb03ec000 	C:\Users\JH\.p2\pool\plugins\org.eclipse.justj.openjdk.hotspot.jre.full.win32.x86_64_15.0.2.v20210201-0955\jre\bin\vcruntime140_1.dll
0x00007fffa24e0000 - 0x00007fffa2571000 	C:\Users\JH\.p2\pool\plugins\org.eclipse.justj.openjdk.hotspot.jre.full.win32.x86_64_15.0.2.v20210201-0955\jre\bin\msvcp140.dll
0x00007fff90170000 - 0x00007fff90cce000 	C:\Users\JH\.p2\pool\plugins\org.eclipse.justj.openjdk.hotspot.jre.full.win32.x86_64_15.0.2.v20210201-0955\jre\bin\server\jvm.dll
0x00007fffb7a60000 - 0x00007fffb7b0c000 	C:\Windows\System32\ADVAPI32.dll
0x00007fffb76d0000 - 0x00007fffb776b000 	C:\Windows\System32\sechost.dll
0x00007fffb8680000 - 0x00007fffb87ab000 	C:\Windows\System32\RPCRT4.dll
0x00007fffb8f90000 - 0x00007fffb8f98000 	C:\Windows\System32\PSAPI.DLL
0x00007fffb2720000 - 0x00007fffb2729000 	C:\Windows\SYSTEM32\WSOCK32.dll
0x00007fffb8ea0000 - 0x00007fffb8f0b000 	C:\Windows\System32\WS2_32.dll
0x00007fffaaf70000 - 0x00007fffaaf97000 	C:\Windows\SYSTEM32\WINMM.dll
0x00007fffae2f0000 - 0x00007fffae2fa000 	C:\Windows\SYSTEM32\VERSION.dll
0x00007fffb4660000 - 0x00007fffb4672000 	C:\Windows\SYSTEM32\kernel.appcore.dll
0x00007fffb1dc0000 - 0x00007fffb1dca000 	C:\Users\JH\.p2\pool\plugins\org.eclipse.justj.openjdk.hotspot.jre.full.win32.x86_64_15.0.2.v20210201-0955\jre\bin\jimage.dll
0x00007fffb1100000 - 0x00007fffb12e4000 	C:\Windows\SYSTEM32\DBGHELP.DLL
0x00007fffb0e20000 - 0x00007fffb0e4c000 	C:\Windows\SYSTEM32\dbgcore.DLL
0x00007fffb6eb0000 - 0x00007fffb6f30000 	C:\Windows\System32\bcryptPrimitives.dll
0x00007fffa47e0000 - 0x00007fffa4805000 	C:\Users\JH\.p2\pool\plugins\org.eclipse.justj.openjdk.hotspot.jre.full.win32.x86_64_15.0.2.v20210201-0955\jre\bin\java.dll

dbghelp: loaded successfully - version: 4.0.5 - missing functions: none
symbol engine: initialized successfully - sym options: 0x614 - pdb path: .;C:\Users\JH\.p2\pool\plugins\org.eclipse.justj.openjdk.hotspot.jre.full.win32.x86_64_15.0.2.v20210201-0955\jre\bin;C:\Windows\SYSTEM32;C:\Windows\WinSxS\amd64_microsoft.windows.common-controls_6595b64144ccf1df_6.0.19041.844_none_ca00b6081b84eb1d;C:\Users\JH\.p2\pool\plugins\org.eclipse.justj.openjdk.hotspot.jre.full.win32.x86_64_15.0.2.v20210201-0955\jre\bin\server

VM Arguments:
jvm_args: -Dfile.encoding=MS949 -XX:+ShowCodeDetailsInExceptionMessages 
java_command: _charString._charString6
java_class_path (initial): C:\javapract\Baekjoon\bin
Launcher Type: SUN_STANDARD

[Global flags]
     intx CICompilerCount                          = 3                                         {product} {ergonomic}
     uint ConcGCThreads                            = 1                                         {product} {ergonomic}
     uint G1ConcRefinementThreads                  = 4                                         {product} {ergonomic}
   size_t G1HeapRegionSize                         = 2097152                                   {product} {ergonomic}
    uintx GCDrainStackTargetSize                   = 64                                        {product} {ergonomic}
   size_t InitialHeapSize                          = 268435456                                 {product} {ergonomic}
   size_t MarkStackSize                            = 4194304                                   {product} {ergonomic}
   size_t MaxHeapSize                              = 4267704320                                {product} {ergonomic}
   size_t MinHeapDeltaBytes                        = 2097152                                   {product} {ergonomic}
   size_t MinHeapSize                              = 8388608                                   {product} {ergonomic}
    uintx NonNMethodCodeHeapSize                   = 5832780                                {pd product} {ergonomic}
    uintx NonProfiledCodeHeapSize                  = 122912730                              {pd product} {ergonomic}
    uintx ProfiledCodeHeapSize                     = 122912730                              {pd product} {ergonomic}
    uintx ReservedCodeCacheSize                    = 251658240                              {pd product} {ergonomic}
     bool SegmentedCodeCache                       = true                                      {product} {ergonomic}
     bool ShowCodeDetailsInExceptionMessages       = true                                   {manageable} {command line}
   size_t SoftMaxHeapSize                          = 4267704320                             {manageable} {ergonomic}
     bool UseCompressedClassPointers               = true                                 {lp64_product} {ergonomic}
     bool UseCompressedOops                        = true                                 {lp64_product} {ergonomic}
     bool UseG1GC                                  = true                                      {product} {ergonomic}
     bool UseLargePagesIndividualAllocation        = false                                  {pd product} {ergonomic}

Logging:
Log output configuration:
 #0: stdout all=warning uptime,level,tags
 #1: stderr all=off uptime,level,tags

Environment Variables:
JAVA_HOME=C:\NVPACK\jdk1.8.0_77
PATH=C:/Users/JH/.p2/pool/plugins/org.eclipse.justj.openjdk.hotspot.jre.full.win32.x86_64_15.0.2.v20210201-0955/jre/bin/server;C:/Users/JH/.p2/pool/plugins/org.eclipse.justj.openjdk.hotspot.jre.full.win32.x86_64_15.0.2.v20210201-0955/jre/bin;C:\Program Files (x86)\Common Files\Oracle\Java\javapath;C:\Windows\system32;C:\Windows;C:\Windows\System32\Wbem;C:\Windows\System32\WindowsPowerShell\v1.0\;C:\Windows\System32\OpenSSH\;C:\Program Files\dotnet\;D:\JDK\bin;D:\Program Files\Git\cmd;D:\Program Files\MySQL\MySQL Shell 8.0\bin\;C:\NVPACK\android-sdk-windows\extras\android\support;C:\NVPACK\android-sdk-windows\build-tools;C:\NVPACK\android-sdk-windows\platform-tools;C:\NVPACK\android-sdk-windows\tools;C:\NVPACK\gradle-4.4.1\bin;C:\NVPACK\jdk1.8.0_77\bin;C:\NVPACK\android-ndk-r18b;C:\Users\JH\AppData\Local\Microsoft\WindowsApps;C:\Users\JH\.dotnet\tools;C:\Users\JH\Desktop\Tools;
USERNAME=JH
OS=Windows_NT
PROCESSOR_IDENTIFIER=Intel64 Family 6 Model 58 Stepping 9, GenuineIntel



---------------  S Y S T E M  ---------------

OS:
 Windows 10 , 64 bit Build 19041 (10.0.19041.928)
OS uptime: 7 days 19:33 hours

CPU: total 4 (initial active 4) (4 cores per cpu, 1 threads per core) family 6 model 58 stepping 9 microcode 0x21, cmov, cx8, fxsr, mmx, sse, sse2, sse3, ssse3, sse4.1, sse4.2, popcnt, vzeroupper, avx, aes, clmul, erms, tsc, tscinvbit, tscinv, clflush

Memory: 4k page, system-wide physical 16276M (8978M free)
TotalPageFile size 21293M (AvailPageFile size 5M)
current process WorkingSet (physical memory assigned to process): 10M, peak: 10M
current process commit charge ("private bytes"): 308M, peak: 312M

vm_info: OpenJDK 64-Bit Server VM (15.0.2+7-27) for windows-amd64 JRE (15.0.2+7-27), built on Dec  7 2020 20:02:38 by "mach5one" with unknown MS VC++:1925

END.
